  stdafx.cpp
  unittest1.cpp
C:\Users\Christopher\Desktop\College\Data Structures\Lab03\StackQueues\StackQueues\StackQueues.h(23,24): warning C4251:  'IStack::queue': class 'std::basic_string<char,std::char_traits<char>,std::allocator<char>>' needs to have dll-interface to be used by clients of class 'IStack'
C:\Program Files (x86)\Microsoft Visual Studio\2019\Enterprise\VC\Tools\MSVC\14.22.27905\include\xstring(4343): message :  see declaration of 'std::basic_string<char,std::char_traits<char>,std::allocator<char>>'
C:\Users\Christopher\Desktop\College\Data Structures\Lab03\StackQueues\StackQueues\StackQueues.h(38,24): warning C4251:  'ArrayBasedStack::stack': class 'std::basic_string<char,std::char_traits<char>,std::allocator<char>>' needs to have dll-interface to be used by clients of class 'ArrayBasedStack'
C:\Program Files (x86)\Microsoft Visual Studio\2019\Enterprise\VC\Tools\MSVC\14.22.27905\include\xstring(4343): message :  see declaration of 'std::basic_string<char,std::char_traits<char>,std::allocator<char>>'
C:\Users\Christopher\Desktop\College\Data Structures\Lab03\StackQueues\StackQueues\StackQueues.h(50,24): warning C4251:  'IQueue::queue': class 'std::basic_string<char,std::char_traits<char>,std::allocator<char>>' needs to have dll-interface to be used by clients of class 'IQueue'
C:\Program Files (x86)\Microsoft Visual Studio\2019\Enterprise\VC\Tools\MSVC\14.22.27905\include\xstring(4343): message :  see declaration of 'std::basic_string<char,std::char_traits<char>,std::allocator<char>>'
C:\Users\Christopher\Desktop\College\Data Structures\Lab03\StackQueues\StackQueues\StackQueues.h(65,24): warning C4251:  'ArrayBasedQueue::queue': class 'std::basic_string<char,std::char_traits<char>,std::allocator<char>>' needs to have dll-interface to be used by clients of class 'ArrayBasedQueue'
C:\Program Files (x86)\Microsoft Visual Studio\2019\Enterprise\VC\Tools\MSVC\14.22.27905\include\xstring(4343): message :  see declaration of 'std::basic_string<char,std::char_traits<char>,std::allocator<char>>'
C:\Users\Christopher\Desktop\College\Data Structures\Lab03\StackQueues\StackQueueTests\unittest1.cpp(65,1): error C2440:  'initializing': cannot convert from 'std::string' to 'int'
C:\Users\Christopher\Desktop\College\Data Structures\Lab03\StackQueues\StackQueueTests\unittest1.cpp(65,13): message :  No user-defined-conversion operator available that can perform this conversion, or the operator cannot be called
C:\Users\Christopher\Desktop\College\Data Structures\Lab03\StackQueues\StackQueueTests\unittest1.cpp(80,1): error C2665:  'Microsoft::VisualStudio::CppUnitTestFramework::Assert::AreEqual': none of the 8 overloads could convert all the argument types
C:\Program Files (x86)\Microsoft Visual Studio\2019\Enterprise\VC\Auxiliary\VS\UnitTest\include\CppUnitTestAssert.h(187,15): message :  could be 'void Microsoft::VisualStudio::CppUnitTestFramework::Assert::AreEqual(const wchar_t *,const wchar_t *,bool,const wchar_t *,const Microsoft::VisualStudio::CppUnitTestFramework::__LineInfo *)'
C:\Program Files (x86)\Microsoft Visual Studio\2019\Enterprise\VC\Auxiliary\VS\UnitTest\include\CppUnitTestAssert.h(168,15): message :  or       'void Microsoft::VisualStudio::CppUnitTestFramework::Assert::AreEqual(const char *,const char *,bool,const wchar_t *,const Microsoft::VisualStudio::CppUnitTestFramework::__LineInfo *)'
C:\Users\Christopher\Desktop\College\Data Structures\Lab03\StackQueues\StackQueueTests\unittest1.cpp(80,1): message :  while trying to match the argument list '(int, std::string)'
C:\Users\Christopher\Desktop\College\Data Structures\Lab03\StackQueues\StackQueueTests\unittest1.cpp(84,1): error C2665:  'Microsoft::VisualStudio::CppUnitTestFramework::Assert::AreEqual': none of the 8 overloads could convert all the argument types
C:\Program Files (x86)\Microsoft Visual Studio\2019\Enterprise\VC\Auxiliary\VS\UnitTest\include\CppUnitTestAssert.h(187,15): message :  could be 'void Microsoft::VisualStudio::CppUnitTestFramework::Assert::AreEqual(const wchar_t *,const wchar_t *,bool,const wchar_t *,const Microsoft::VisualStudio::CppUnitTestFramework::__LineInfo *)'
C:\Program Files (x86)\Microsoft Visual Studio\2019\Enterprise\VC\Auxiliary\VS\UnitTest\include\CppUnitTestAssert.h(168,15): message :  or       'void Microsoft::VisualStudio::CppUnitTestFramework::Assert::AreEqual(const char *,const char *,bool,const wchar_t *,const Microsoft::VisualStudio::CppUnitTestFramework::__LineInfo *)'
C:\Users\Christopher\Desktop\College\Data Structures\Lab03\StackQueues\StackQueueTests\unittest1.cpp(84,1): message :  while trying to match the argument list '(int, std::string)'
C:\Users\Christopher\Desktop\College\Data Structures\Lab03\StackQueues\StackQueueTests\unittest1.cpp(88,1): error C2665:  'Microsoft::VisualStudio::CppUnitTestFramework::Assert::AreEqual': none of the 8 overloads could convert all the argument types
C:\Program Files (x86)\Microsoft Visual Studio\2019\Enterprise\VC\Auxiliary\VS\UnitTest\include\CppUnitTestAssert.h(187,15): message :  could be 'void Microsoft::VisualStudio::CppUnitTestFramework::Assert::AreEqual(const wchar_t *,const wchar_t *,bool,const wchar_t *,const Microsoft::VisualStudio::CppUnitTestFramework::__LineInfo *)'
C:\Program Files (x86)\Microsoft Visual Studio\2019\Enterprise\VC\Auxiliary\VS\UnitTest\include\CppUnitTestAssert.h(168,15): message :  or       'void Microsoft::VisualStudio::CppUnitTestFramework::Assert::AreEqual(const char *,const char *,bool,const wchar_t *,const Microsoft::VisualStudio::CppUnitTestFramework::__LineInfo *)'
C:\Users\Christopher\Desktop\College\Data Structures\Lab03\StackQueues\StackQueueTests\unittest1.cpp(88,1): message :  while trying to match the argument list '(int, std::string)'
C:\Users\Christopher\Desktop\College\Data Structures\Lab03\StackQueues\StackQueueTests\unittest1.cpp(92,1): error C2665:  'Microsoft::VisualStudio::CppUnitTestFramework::Assert::AreEqual': none of the 8 overloads could convert all the argument types
C:\Program Files (x86)\Microsoft Visual Studio\2019\Enterprise\VC\Auxiliary\VS\UnitTest\include\CppUnitTestAssert.h(187,15): message :  could be 'void Microsoft::VisualStudio::CppUnitTestFramework::Assert::AreEqual(const wchar_t *,const wchar_t *,bool,const wchar_t *,const Microsoft::VisualStudio::CppUnitTestFramework::__LineInfo *)'
C:\Program Files (x86)\Microsoft Visual Studio\2019\Enterprise\VC\Auxiliary\VS\UnitTest\include\CppUnitTestAssert.h(168,15): message :  or       'void Microsoft::VisualStudio::CppUnitTestFramework::Assert::AreEqual(const char *,const char *,bool,const wchar_t *,const Microsoft::VisualStudio::CppUnitTestFramework::__LineInfo *)'
C:\Users\Christopher\Desktop\College\Data Structures\Lab03\StackQueues\StackQueueTests\unittest1.cpp(92,1): message :  while trying to match the argument list '(int, std::string)'
C:\Users\Christopher\Desktop\College\Data Structures\Lab03\StackQueues\StackQueueTests\unittest1.cpp(109,1): error C2665:  'Microsoft::VisualStudio::CppUnitTestFramework::Assert::AreEqual': none of the 8 overloads could convert all the argument types
C:\Program Files (x86)\Microsoft Visual Studio\2019\Enterprise\VC\Auxiliary\VS\UnitTest\include\CppUnitTestAssert.h(187,15): message :  could be 'void Microsoft::VisualStudio::CppUnitTestFramework::Assert::AreEqual(const wchar_t *,const wchar_t *,bool,const wchar_t *,const Microsoft::VisualStudio::CppUnitTestFramework::__LineInfo *)'
C:\Program Files (x86)\Microsoft Visual Studio\2019\Enterprise\VC\Auxiliary\VS\UnitTest\include\CppUnitTestAssert.h(168,15): message :  or       'void Microsoft::VisualStudio::CppUnitTestFramework::Assert::AreEqual(const char *,const char *,bool,const wchar_t *,const Microsoft::VisualStudio::CppUnitTestFramework::__LineInfo *)'
C:\Users\Christopher\Desktop\College\Data Structures\Lab03\StackQueues\StackQueueTests\unittest1.cpp(109,1): message :  while trying to match the argument list '(int, std::string)'
C:\Users\Christopher\Desktop\College\Data Structures\Lab03\StackQueues\StackQueueTests\unittest1.cpp(112,1): error C2665:  'Microsoft::VisualStudio::CppUnitTestFramework::Assert::AreEqual': none of the 8 overloads could convert all the argument types
C:\Program Files (x86)\Microsoft Visual Studio\2019\Enterprise\VC\Auxiliary\VS\UnitTest\include\CppUnitTestAssert.h(187,15): message :  could be 'void Microsoft::VisualStudio::CppUnitTestFramework::Assert::AreEqual(const wchar_t *,const wchar_t *,bool,const wchar_t *,const Microsoft::VisualStudio::CppUnitTestFramework::__LineInfo *)'
C:\Program Files (x86)\Microsoft Visual Studio\2019\Enterprise\VC\Auxiliary\VS\UnitTest\include\CppUnitTestAssert.h(168,15): message :  or       'void Microsoft::VisualStudio::CppUnitTestFramework::Assert::AreEqual(const char *,const char *,bool,const wchar_t *,const Microsoft::VisualStudio::CppUnitTestFramework::__LineInfo *)'
C:\Users\Christopher\Desktop\College\Data Structures\Lab03\StackQueues\StackQueueTests\unittest1.cpp(112,1): message :  while trying to match the argument list '(int, std::string)'
C:\Users\Christopher\Desktop\College\Data Structures\Lab03\StackQueues\StackQueueTests\unittest1.cpp(115,1): error C2665:  'Microsoft::VisualStudio::CppUnitTestFramework::Assert::AreEqual': none of the 8 overloads could convert all the argument types
C:\Program Files (x86)\Microsoft Visual Studio\2019\Enterprise\VC\Auxiliary\VS\UnitTest\include\CppUnitTestAssert.h(187,15): message :  could be 'void Microsoft::VisualStudio::CppUnitTestFramework::Assert::AreEqual(const wchar_t *,const wchar_t *,bool,const wchar_t *,const Microsoft::VisualStudio::CppUnitTestFramework::__LineInfo *)'
C:\Program Files (x86)\Microsoft Visual Studio\2019\Enterprise\VC\Auxiliary\VS\UnitTest\include\CppUnitTestAssert.h(168,15): message :  or       'void Microsoft::VisualStudio::CppUnitTestFramework::Assert::AreEqual(const char *,const char *,bool,const wchar_t *,const Microsoft::VisualStudio::CppUnitTestFramework::__LineInfo *)'
C:\Users\Christopher\Desktop\College\Data Structures\Lab03\StackQueues\StackQueueTests\unittest1.cpp(115,1): message :  while trying to match the argument list '(int, std::string)'
C:\Users\Christopher\Desktop\College\Data Structures\Lab03\StackQueues\StackQueueTests\unittest1.cpp(118,1): error C2665:  'Microsoft::VisualStudio::CppUnitTestFramework::Assert::AreEqual': none of the 8 overloads could convert all the argument types
C:\Program Files (x86)\Microsoft Visual Studio\2019\Enterprise\VC\Auxiliary\VS\UnitTest\include\CppUnitTestAssert.h(187,15): message :  could be 'void Microsoft::VisualStudio::CppUnitTestFramework::Assert::AreEqual(const wchar_t *,const wchar_t *,bool,const wchar_t *,const Microsoft::VisualStudio::CppUnitTestFramework::__LineInfo *)'
C:\Program Files (x86)\Microsoft Visual Studio\2019\Enterprise\VC\Auxiliary\VS\UnitTest\include\CppUnitTestAssert.h(168,15): message :  or       'void Microsoft::VisualStudio::CppUnitTestFramework::Assert::AreEqual(const char *,const char *,bool,const wchar_t *,const Microsoft::VisualStudio::CppUnitTestFramework::__LineInfo *)'
C:\Users\Christopher\Desktop\College\Data Structures\Lab03\StackQueues\StackQueueTests\unittest1.cpp(118,1): message :  while trying to match the argument list '(int, std::string)'
